#
# There is insufficient memory for the Java Runtime Environment to continue.
# Native memory allocation (malloc) failed to allocate 1125536 bytes for Chunk::new
# Possible reasons:
#   The system is out of physical RAM or swap space
#   In 32 bit mode, the process size limit was hit
# Possible solutions:
#   Reduce memory load on the system
#   Increase physical memory or swap space
#   Check if swap backing store is full
#   Use 64 bit Java on a 64 bit OS
#   Decrease Java heap size (-Xmx/-Xms)
#   Decrease number of Java threads
#   Decrease Java thread stack sizes (-Xss)
#   Set larger code cache with -XX:ReservedCodeCacheSize=
# This output file may be truncated or incomplete.
#
#  Out of Memory Error (allocation.cpp:390), pid=80660, tid=0x000000000001e7ec
#
# JRE version: OpenJDK Runtime Environment (8.0_152-b02) (build 1.8.0_152-release-1024-b02)
# Java VM: OpenJDK 64-Bit Server VM (25.152-b02 mixed mode windows-amd64 compressed oops)
# Failed to write core dump. Minidumps are not enabled by default on client versions of Windows
#

---------------  T H R E A D  ---------------

Current thread (0x0000000019761800):  JavaThread "C2 CompilerThread1" daemon [_thread_in_native, id=124908, stack(0x000000001a020000,0x000000001a120000)]

Stack: [0x000000001a020000,0x000000001a120000]
[error occurred during error reporting (printing stack bounds), id 0xc0000005]

Native frames: (J=compiled Java code, j=interpreted, Vv=VM code, C=native code)


Current CompileTask:
C2:   3835 1310       4       java.net.URLClassLoader$1::run (5 bytes)


---------------  P R O C E S S  ---------------

Java Threads: ( => current thread )
  0x000000001bb8b000 JavaThread "Cache worker for file hash cache (D:\Desktop\InterviewApp\.gradle\4.4\fileHashes)" [_thread_in_vm, id=121732, stack(0x000000001f330000,0x000000001f430000)]
  0x000000001b96e800 JavaThread "File lock request listener" [_thread_in_native, id=124348, stack(0x000000001d170000,0x000000001d270000)]
  0x000000001bbb2800 JavaThread "Cache worker for file hash cache (C:\Users\ahmet.OSMANLI-TORUNU\.gradle\caches\4.4\fileHashes)" [_thread_blocked, id=123704, stack(0x000000001d070000,0x000000001d170000)]
  0x000000001b8d7800 JavaThread "Stdin handler" [_thread_blocked, id=120340, stack(0x000000001cd70000,0x000000001ce70000)]
  0x000000001b80e800 JavaThread "Asynchronous log dispatcher for DefaultDaemonConnection: socket connection from /127.0.0.1:46234 to /127.0.0.1:46235" [_thread_blocked, id=120152, stack(0x000000001cb70000,0x000000001cc70000)]
  0x000000001b80e000 JavaThread "Daemon worker" [_thread_in_native, id=118312, stack(0x000000001ca70000,0x000000001cb70000)]
  0x000000001b808000 JavaThread "Cancel handler" [_thread_blocked, id=117160, stack(0x000000001c970000,0x000000001ca70000)]
  0x000000001b7ed800 JavaThread "Handler for socket connection from /127.0.0.1:46234 to /127.0.0.1:46235" [_thread_in_native, id=119652, stack(0x000000001c670000,0x000000001c770000)]
  0x000000001b7eb000 JavaThread "Daemon" [_thread_blocked, id=123624, stack(0x000000001c570000,0x000000001c670000)]
  0x000000001b883800 JavaThread "Daemon periodic checks" [_thread_blocked, id=124676, stack(0x000000001c470000,0x000000001c570000)]
  0x000000001b835800 JavaThread "Incoming local TCP Connector on port 46234" [_thread_in_native, id=124664, stack(0x000000001c230000,0x000000001c330000)]
  0x00000000197f0800 JavaThread "Service Thread" daemon [_thread_blocked, id=122244, stack(0x000000001a320000,0x000000001a420000)]
  0x000000001976e000 JavaThread "C1 CompilerThread3" daemon [_thread_blocked, id=124812, stack(0x000000001a220000,0x000000001a320000)]
  0x0000000019763800 JavaThread "C2 CompilerThread2" daemon [_thread_in_native, id=123980, stack(0x000000001a120000,0x000000001a220000)]
=>0x0000000019761800 JavaThread "C2 CompilerThread1" daemon [_thread_in_native, id=124908, stack(0x000000001a020000,0x000000001a120000)]
  0x000000001975a800 JavaThread "C2 CompilerThread0" daemon [_thread_in_native, id=121132, stack(0x0000000019f20000,0x000000001a020000)]
  0x0000000019759000 JavaThread "Attach Listener" daemon [_thread_blocked, id=120116, stack(0x0000000019e20000,0x0000000019f20000)]
  0x0000000019758000 JavaThread "Signal Dispatcher" daemon [_thread_blocked, id=122180, stack(0x0000000019d20000,0x0000000019e20000)]
  0x0000000019750800 JavaThread "Finalizer" daemon [_thread_blocked, id=122980, stack(0x0000000019b30000,0x0000000019c30000)]
  0x000000001785a800 JavaThread "Reference Handler" daemon [_thread_blocked, id=124796, stack(0x0000000019630000,0x0000000019730000)]
  0x00000000026f3800 JavaThread "main" [_thread_blocked, id=123568, stack(0x00000000025f0000,0x00000000026f0000)]

Other Threads:
  0x0000000017854800 VMThread [stack: 0x0000000019530000,0x0000000019630000] [id=121988]
  0x00000000197ad000 WatcherThread [stack: 0x000000001a420000,0x000000001a520000] [id=124844]

VM state:not at safepoint (normal execution)

VM Mutex/Monitor currently owned by a thread: None

Heap:
 PSYoungGen      total 76288K, used 50501K [0x00000000d5580000, 0x00000000daa80000, 0x0000000100000000)
  eden space 65536K, 65% used [0x00000000d5580000,0x00000000d7f62638,0x00000000d9580000)
  from space 10752K, 70% used [0x00000000d9580000,0x00000000d9ceef20,0x00000000da000000)
  to   space 10752K, 0% used [0x00000000da000000,0x00000000da000000,0x00000000daa80000)
 ParOldGen       total 175104K, used 16K [0x0000000080000000, 0x000000008ab00000, 0x00000000d5580000)
  object space 175104K, 0% used [0x0000000080000000,0x0000000080004000,0x000000008ab00000)
 Metaspace       used 14727K, capacity 15094K, committed 15360K, reserved 1062912K
  class space    used 2066K, capacity 2187K, committed 2304K, reserved 1048576K

Card table byte_map: [0x0000000011bb0000,0x0000000011fc0000] byte_map_base: 0x00000000117b0000

Marking Bits: (ParMarkBitMap*) 0x000000005f2d4970
 Begin Bits: [0x0000000012a70000, 0x0000000014a70000)
 End Bits:   [0x0000000014a70000, 0x0000000016a70000)

Polling page: 0x00000000003e0000

CodeCache: size=245760Kb used=4805Kb max_used=4805Kb free=240954Kb
 bounds [0x00000000027f0000, 0x0000000002cb0000, 0x00000000117f0000]
 total_blobs=1766 nmethods=1396 adapters=283
 compilation: enabled

Compilation events (10 events):
Event: 3.825 Thread 0x000000001976e000 1373       3       java.util.ArrayList$SubList$1::<init> (47 bytes)
Event: 3.826 Thread 0x000000001976e000 nmethod 1373 0x0000000002c9f990 code [0x0000000002c9fb00, 0x0000000002c9fcf0]
Event: 3.826 Thread 0x000000001976e000 1362       3       com.google.common.base.CharMatcher::<init> (10 bytes)
Event: 3.826 Thread 0x000000001976e000 nmethod 1362 0x0000000002c9fe10 code [0x0000000002c9ff60, 0x0000000002ca0130]
Event: 3.826 Thread 0x000000001976e000 1378       3       org.gradle.configuration.DefaultImportsReader$2::processLine (70 bytes)
Event: 3.827 Thread 0x000000001976e000 nmethod 1378 0x0000000002ca01d0 code [0x0000000002ca0480, 0x0000000002ca1798]
Event: 3.827 Thread 0x000000001976e000 1379       3       org.apache.commons.lang.StringUtils::isEmpty (17 bytes)
Event: 3.828 Thread 0x000000001976e000 nmethod 1379 0x0000000002ca24d0 code [0x0000000002ca2640, 0x0000000002ca28f0]
Event: 3.828 Thread 0x000000001976e000 1396       1       com.google.common.collect.RegularImmutableMap$NonTerminalMapEntry::getNextInKeyBucket (5 bytes)
Event: 3.828 Thread 0x000000001976e000 nmethod 1396 0x0000000002ca29d0 code [0x0000000002ca2b20, 0x0000000002ca2c30]

GC Heap History (2 events):
Event: 2.993 GC heap before
{Heap before GC invocations=1 (full 0):
 PSYoungGen      total 76288K, used 65536K [0x00000000d5580000, 0x00000000daa80000, 0x0000000100000000)
  eden space 65536K, 100% used [0x00000000d5580000,0x00000000d9580000,0x00000000d9580000)
  from space 10752K, 0% used [0x00000000da000000,0x00000000da000000,0x00000000daa80000)
  to   space 10752K, 0% used [0x00000000d9580000,0x00000000d9580000,0x00000000da000000)
 ParOldGen       total 175104K, used 0K [0x0000000080000000, 0x000000008ab00000, 0x00000000d5580000)
  object space 175104K, 0% used [0x0000000080000000,0x0000000080000000,0x000000008ab00000)
 Metaspace       used 10502K, capacity 10792K, committed 11008K, reserved 1058816K
  class space    used 1381K, capacity 1486K, committed 1536K, reserved 1048576K
Event: 3.006 GC heap after
Heap after GC invocations=1 (full 0):
 PSYoungGen      total 76288K, used 7611K [0x00000000d5580000, 0x00000000daa80000, 0x0000000100000000)
  eden space 65536K, 0% used [0x00000000d5580000,0x00000000d5580000,0x00000000d9580000)
  from space 10752K, 70% used [0x00000000d9580000,0x00000000d9ceef20,0x00000000da000000)
  to   space 10752K, 0% used [0x00000000da000000,0x00000000da000000,0x00000000daa80000)
 ParOldGen       total 175104K, used 16K [0x0000000080000000, 0x000000008ab00000, 0x00000000d5580000)
  object space 175104K, 0% used [0x0000000080000000,0x0000000080004000,0x000000008ab00000)
 Metaspace       used 10502K, capacity 10792K, committed 11008K, reserved 1058816K
  class space    used 1381K, capacity 1486K, committed 1536K, reserved 1048576K
}

Deoptimization events (10 events):
Event: 2.196 Thread 0x00000000026f3800 Uncommon trap: reason=unstable_if action=reinterpret pc=0x0000000002a959a0 method=java.io.WinNTFileSystem.normalize(Ljava/lang/String;)Ljava/lang/String; @ 128
Event: 2.196 Thread 0x00000000026f3800 Uncommon trap: reason=unstable_if action=reinterpret pc=0x0000000002afeef8 method=java.io.WinNTFileSystem.normalize(Ljava/lang/String;II)Ljava/lang/String; @ 90
Event: 3.153 Thread 0x000000001b7ed800 Uncommon trap: reason=unstable_if action=reinterpret pc=0x0000000002b77560 method=java.util.concurrent.ConcurrentHashMap.putVal(Ljava/lang/Object;Ljava/lang/Object;Z)Ljava/lang/Object; @ 206
Event: 3.267 Thread 0x000000001b80e000 Uncommon trap: reason=bimorphic action=maybe_recompile pc=0x0000000002b185a8 method=java.util.HashMap.putVal(ILjava/lang/Object;Ljava/lang/Object;ZZ)Ljava/lang/Object; @ 253
Event: 3.268 Thread 0x000000001b80e000 Uncommon trap: reason=bimorphic action=maybe_recompile pc=0x0000000002b185a8 method=java.util.HashMap.putVal(ILjava/lang/Object;Ljava/lang/Object;ZZ)Ljava/lang/Object; @ 253
Event: 3.268 Thread 0x000000001b80e000 Uncommon trap: reason=bimorphic action=maybe_recompile pc=0x0000000002b185a8 method=java.util.HashMap.putVal(ILjava/lang/Object;Ljava/lang/Object;ZZ)Ljava/lang/Object; @ 253
Event: 3.286 Thread 0x000000001b80e000 Uncommon trap: reason=class_check action=maybe_recompile pc=0x0000000002a8e758 method=java.util.regex.Matcher.match(II)Z @ 86
Event: 3.659 Thread 0x000000001b80e000 Uncommon trap: reason=class_check action=maybe_recompile pc=0x0000000002a8e758 method=java.util.regex.Matcher.match(II)Z @ 86
Event: 3.660 Thread 0x000000001b80e000 Uncommon trap: reason=class_check action=maybe_recompile pc=0x0000000002a5b51c method=java.util.regex.Matcher.match(II)Z @ 86
Event: 3.756 Thread 0x000000001b80e000 Uncommon trap: reason=unstable_if action=reinterpret pc=0x0000000002c49db4 method=java.lang.String.lastIndexOf([CII[CIII)I @ 66

Classes redefined (0 events):
No events

Internal exceptions (10 events):
Event: 3.175 Thread 0x000000001b7ed800 Exception <a 'java/lang/NoSuchMethodError': <clinit>> (0x00000000d5ada830) thrown at [D:\src\AOSP-openjdk-cygwin\jdk8u\hotspot\src\share\vm\prims\jni.cpp, line 1613]
Event: 3.179 Thread 0x000000001b7ed800 Exception <a 'java/lang/NoSuchMethodError': <clinit>> (0x00000000d5af2490) thrown at [D:\src\AOSP-openjdk-cygwin\jdk8u\hotspot\src\share\vm\prims\jni.cpp, line 1613]
Event: 3.181 Thread 0x000000001b7ed800 Exception <a 'java/lang/NoSuchMethodError': <clinit>> (0x00000000d5afaf58) thrown at [D:\src\AOSP-openjdk-cygwin\jdk8u\hotspot\src\share\vm\prims\jni.cpp, line 1613]
Event: 3.184 Thread 0x000000001b7ed800 Exception <a 'java/lang/NoSuchMethodError': <clinit>> (0x00000000d5b0c778) thrown at [D:\src\AOSP-openjdk-cygwin\jdk8u\hotspot\src\share\vm\prims\jni.cpp, line 1613]
Event: 3.206 Thread 0x000000001b7ed800 Exception <a 'java/lang/NoSuchMethodError': <clinit>> (0x00000000d5b7a6d8) thrown at [D:\src\AOSP-openjdk-cygwin\jdk8u\hotspot\src\share\vm\prims\jni.cpp, line 1613]
Event: 3.211 Thread 0x000000001b7ed800 Exception <a 'java/lang/NoSuchMethodError': <clinit>> (0x00000000d5b9dff8) thrown at [D:\src\AOSP-openjdk-cygwin\jdk8u\hotspot\src\share\vm\prims\jni.cpp, line 1613]
Event: 3.215 Thread 0x000000001b7ed800 Exception <a 'java/lang/NoSuchMethodError': <clinit>> (0x00000000d5bb9078) thrown at [D:\src\AOSP-openjdk-cygwin\jdk8u\hotspot\src\share\vm\prims\jni.cpp, line 1613]
Event: 3.220 Thread 0x000000001b7ed800 Exception <a 'java/lang/NoSuchMethodError': <clinit>> (0x00000000d5bdcfd0) thrown at [D:\src\AOSP-openjdk-cygwin\jdk8u\hotspot\src\share\vm\prims\jni.cpp, line 1613]
Event: 3.252 Thread 0x000000001b80e000 Exception <a 'java/lang/NoSuchMethodError': <clinit>> (0x00000000d5cc6560) thrown at [D:\src\AOSP-openjdk-cygwin\jdk8u\hotspot\src\share\vm\prims\jni.cpp, line 1613]
Event: 3.253 Thread 0x000000001b80e000 Exception <a 'java/lang/NoSuchMethodError': <clinit>> (0x00000000d5cce7e8) thrown at [D:\src\AOSP-openjdk-cygwin\jdk8u\hotspot\src\share\vm\prims\jni.cpp, line 1613]

Events (10 events):
Event: 3.826 loading class org/gradle/internal/resource/Resource
Event: 3.826 loading class org/gradle/internal/resource/Resource done
Event: 3.827 loading class org/gradle/internal/resource/UriTextResource
Event: 3.827 loading class org/gradle/internal/resource/UriTextResource done
Event: 3.829 loading class org/gradle/internal/resource/ResourceIsAFolderException
Event: 3.829 loading class org/gradle/internal/resource/ResourceIsAFolderException done
Event: 3.829 loading class org/gradle/internal/resource/ResourceLocation
Event: 3.829 loading class org/gradle/internal/resource/ResourceLocation done
Event: 3.830 loading class org/gradle/groovy/scripts/TextResourceScriptSource
Event: 3.830 loading class org/gradle/groovy/scripts/TextResourceScriptSource done


Dynamic libraries:
0x00007ff6f6d90000 - 0x00007ff6f6dc1000 	C:\Program Files\Android\Android Studio\jre\bin\java.exe
0x00007ff83a750000 - 0x00007ff83a931000 	C:\WINDOWS\SYSTEM32\ntdll.dll
0x00007ff839a60000 - 0x00007ff839b12000 	C:\WINDOWS\System32\KERNEL32.DLL
0x00007ff836ca0000 - 0x00007ff836f13000 	C:\WINDOWS\System32\KERNELBASE.dll
0x00007ff8399b0000 - 0x00007ff839a51000 	C:\WINDOWS\System32\ADVAPI32.dll
0x00007ff8394b0000 - 0x00007ff83954e000 	C:\WINDOWS\System32\msvcrt.dll
0x00007ff837be0000 - 0x00007ff837c3b000 	C:\WINDOWS\System32\sechost.dll
0x00007ff83a260000 - 0x00007ff83a384000 	C:\WINDOWS\System32\RPCRT4.dll
0x00007ff839d50000 - 0x00007ff839ee0000 	C:\WINDOWS\System32\USER32.dll
0x00007ff837b10000 - 0x00007ff837b30000 	C:\WINDOWS\System32\win32u.dll
0x00007ff839c50000 - 0x00007ff839c78000 	C:\WINDOWS\System32\GDI32.dll
0x00007ff8376e0000 - 0x00007ff837872000 	C:\WINDOWS\System32\gdi32full.dll
0x00007ff837a70000 - 0x00007ff837b0f000 	C:\WINDOWS\System32\msvcp_win.dll
0x00007ff836b20000 - 0x00007ff836c1a000 	C:\WINDOWS\System32\ucrtbase.dll
0x00007ff827fe0000 - 0x00007ff828249000 	C:\WINDOWS\WinSxS\amd64_microsoft.windows.common-controls_6595b64144ccf1df_6.0.17134.228_none_fb4599993062b194\COMCTL32.dll
0x00007ff837d40000 - 0x00007ff838063000 	C:\WINDOWS\System32\combase.dll
0x00007ff836c20000 - 0x00007ff836c9a000 	C:\WINDOWS\System32\bcryptPrimitives.dll
0x00007ff839fe0000 - 0x00007ff83a00d000 	C:\WINDOWS\System32\IMM32.DLL
0x000000005ea30000 - 0x000000005eb02000 	C:\Program Files\Android\Android Studio\jre\jre\bin\msvcr100.dll
0x000000005eb10000 - 0x000000005f34f000 	C:\Program Files\Android\Android Studio\jre\jre\bin\server\jvm.dll
0x00007ff83a390000 - 0x00007ff83a398000 	C:\WINDOWS\System32\PSAPI.DLL
0x00007ff823650000 - 0x00007ff823659000 	C:\WINDOWS\SYSTEM32\WSOCK32.dll
0x00007ff82d920000 - 0x00007ff82d92a000 	C:\WINDOWS\SYSTEM32\VERSION.dll
0x00007ff8328d0000 - 0x00007ff8328f3000 	C:\WINDOWS\SYSTEM32\WINMM.dll
0x00007ff83a010000 - 0x00007ff83a07c000 	C:\WINDOWS\System32\WS2_32.dll
0x00007ff8328a0000 - 0x00007ff8328ca000 	C:\WINDOWS\SYSTEM32\WINMMBASE.dll
0x00007ff836f20000 - 0x00007ff836f69000 	C:\WINDOWS\System32\cfgmgr32.dll
0x00007ff830f40000 - 0x00007ff830f4f000 	C:\Program Files\Android\Android Studio\jre\jre\bin\verify.dll
0x00007ff8306a0000 - 0x00007ff8306c9000 	C:\Program Files\Android\Android Studio\jre\jre\bin\java.dll
0x00007ff82de90000 - 0x00007ff82dea6000 	C:\Program Files\Android\Android Studio\jre\jre\bin\zip.dll
0x00007ff838070000 - 0x00007ff8394b0000 	C:\WINDOWS\System32\SHELL32.dll
0x00007ff839b20000 - 0x00007ff839bc9000 	C:\WINDOWS\System32\shcore.dll
0x00007ff836f70000 - 0x00007ff83767d000 	C:\WINDOWS\System32\windows.storage.dll
0x00007ff839ee0000 - 0x00007ff839f31000 	C:\WINDOWS\System32\shlwapi.dll
0x00007ff836a60000 - 0x00007ff836a71000 	C:\WINDOWS\System32\kernel.appcore.dll
0x00007ff836b00000 - 0x00007ff836b1f000 	C:\WINDOWS\System32\profapi.dll
0x00007ff836aa0000 - 0x00007ff836aec000 	C:\WINDOWS\System32\powrprof.dll
0x00007ff836af0000 - 0x00007ff836afa000 	C:\WINDOWS\System32\FLTLIB.DLL
0x00007ff82dda0000 - 0x00007ff82ddba000 	C:\Program Files\Android\Android Studio\jre\jre\bin\net.dll
0x00007ff8362e0000 - 0x00007ff836346000 	C:\WINDOWS\system32\mswsock.dll
0x00007ff82dd80000 - 0x00007ff82dd91000 	C:\Program Files\Android\Android Studio\jre\jre\bin\nio.dll
0x00007ff830900000 - 0x00007ff83091e000 	C:\Users\ahmet.OSMANLI-TORUNU\.gradle\native\25\windows-amd64\native-platform.dll
0x00007ff830bf0000 - 0x00007ff830bfd000 	C:\Program Files\Android\Android Studio\jre\jre\bin\management.dll
0x00007ff836490000 - 0x00007ff8364a7000 	C:\WINDOWS\SYSTEM32\CRYPTSP.dll
0x00007ff835ec0000 - 0x00007ff835ef3000 	C:\WINDOWS\system32\rsaenh.dll
0x00007ff8365c0000 - 0x00007ff8365e5000 	C:\WINDOWS\SYSTEM32\bcrypt.dll
0x00007ff836960000 - 0x00007ff836988000 	C:\WINDOWS\SYSTEM32\USERENV.dll
0x00007ff8364b0000 - 0x00007ff8364bb000 	C:\WINDOWS\SYSTEM32\CRYPTBASE.dll
0x00007ff836060000 - 0x00007ff836098000 	C:\WINDOWS\SYSTEM32\IPHLPAPI.DLL
0x00007ff837c40000 - 0x00007ff837c48000 	C:\WINDOWS\System32\NSI.dll
0x00007ff82b860000 - 0x00007ff82b876000 	C:\WINDOWS\SYSTEM32\dhcpcsvc6.DLL
0x00007ff82b660000 - 0x00007ff82b67a000 	C:\WINDOWS\SYSTEM32\dhcpcsvc.DLL

VM Arguments:
jvm_args: -XX:MaxPermSize=256m -XX:+HeapDumpOnOutOfMemoryError -Xmx2g -Dfile.encoding=UTF-8 -Duser.country=GB -Duser.language=en -Duser.variant 
java_command: org.gradle.launcher.daemon.bootstrap.GradleDaemon 4.4
java_class_path (initial): C:\Users\ahmet.OSMANLI-TORUNU\.gradle\wrapper\dists\gradle-4.4-all\9br9xq1tocpiv8o6njlyu5op1\gradle-4.4\lib\gradle-launcher-4.4.jar
Launcher Type: SUN_STANDARD

Environment Variables:
PATH=C:\Program Files (x86)\Common Files\Oracle\Java\javapath;C:\ProgramData\Oracle\Java\javapath;C:\WINDOWS\system32;C:\WINDOWS;C:\WINDOWS\System32\Wbem;C:\WINDOWS\System32\WindowsPowerShell\v1.0\;C:\Program Files (x86)\NVIDIA Corporation\PhysX\Common;C:\Program Files\Intel\WiFi\bin\;C:\Program Files\Common Files\Intel\WirelessCommon\;C:\Program Files\010 Editor;C:\Program Files\Microsoft SQL Server\130\Tools\Binn\;C:\Program Files\dotnet\;C:\Program Files (x86)\GtkSharp\2.12\bin;C:\Program Files\Microsoft\Web Platform Installer\;C:\WINDOWS\system32;C:\WINDOWS;C:\WINDOWS\System32\Wbem;C:\WINDOWS\System32\WindowsPowerShell\v1.0\;D:\Git\cmd;C:\Program Files (x86)\Brackets\command;C:\WINDOWS\System32\OpenSSH\;C:\Users\ahmet.OSMANLI-TORUNU\AppData\Local\Microsoft\WindowsApps;C:\Users\ahmet.OSMANLI-TORUNU\AppData\Local\GitHubDesktop\bin;%USERPROFILE%\AppData\Local\Microsoft\WindowsApps;
USERNAME=ahmet
OS=Windows_NT
PROCESSOR_IDENTIFIER=Intel64 Family 6 Model 94 Stepping 3, GenuineIntel



---------------  S Y S T E M  ---------------

OS: Windows 10.0 , 64 bit Build 17134 (10.0.17134.1)

CPU:total 8 (initial active 8) (4 cores per cpu, 2 threads per core) family 6 model 94 stepping 3, cmov, cx8, fxsr, mmx, sse, sse2, sse3, ssse3, sse4.1, sse4.2, popcnt, avx, avx2, aes, clmul, erms, rtm, 3dnowpref, lzcnt, ht, tsc, tscinvbit, bmi1, bmi2, adx

Memory: 4k page, physical 16693008k(5285724k free), swap 19696400k(3692k free)

vm_info: OpenJDK 64-Bit Server VM (25.152-b02) for windows-amd64 JRE (1.8.0_152-release-1024-b02), built by "builder" with MS VC++ 10.0 (VS2010)

time: Thu Sep 13 16:44:12 2018
elapsed time: 3 seconds (0d 0h 0m 3s)

